Using pre-set license
Built from '2020.3/staging' branch; Version is '2020.3.13f1 (71691879b7f5) revision 7432472'; Using compiler version '192528614'; Build Type 'Release'
OS: 'Windows 10 Education; OS build 19043.1586; Version 2009; 64bit' Language: 'es' Physical Memory: 32716 MB
BatchMode: 1, IsHumanControllingUs: 0, StartBugReporterOnCrash: 0, Is64bit: 1, IsPro: 0

 COMMAND LINE ARGUMENTS:
C:\Program Files\Unity\Hub\Editor\2020.3.13f1\Editor\Unity.exe
-adb2
-batchMode
-noUpm
-name
AssetImportWorker0
-projectPath
C:/Users/usuariocc/Documents/Animaciones2D
-logFile
Logs/AssetImportWorker0.log
-srvPort
58781
Successfully changed project path to: C:/Users/usuariocc/Documents/Animaciones2D
C:/Users/usuariocc/Documents/Animaciones2D
Using Asset Import Pipeline V2.
Refreshing native plugins compatible for Editor in 52.08 ms, found 3 plugins.
Preloading 0 native plugins for Editor in 0.00 ms.
Initialize engine version: 2020.3.13f1 (71691879b7f5)
[Subsystems] Discovering subsystems at path C:/Program Files/Unity/Hub/Editor/2020.3.13f1/Editor/Data/Resources/UnitySubsystems
[Subsystems] Discovering subsystems at path C:/Users/usuariocc/Documents/Animaciones2D/Assets
GfxDevice: creating device client; threaded=0
Direct3D:
    Version:  Direct3D 11.0 [level 11.0]
    Renderer: NVIDIA Quadro K420 (ID=0xff3)
    Vendor:   
    VRAM:     2007 MB
    Driver:   24.21.13.9872
Initialize mono
Mono path[0] = 'C:/Program Files/Unity/Hub/Editor/2020.3.13f1/Editor/Data/Managed'
Mono path[1] = 'C:/Program Files/Unity/Hub/Editor/2020.3.13f1/Editor/Data/MonoBleedingEdge/lib/mono/unityjit'
Mono config path = 'C:/Program Files/Unity/Hub/Editor/2020.3.13f1/Editor/Data/MonoBleedingEdge/etc'
Using monoOptions --debugger-agent=transport=dt_socket,embedding=1,server=y,suspend=n,address=127.0.0.1:56480
Begin MonoManager ReloadAssembly
Registering precompiled unity dll's ...
Register platform support module: C:/Program Files/Unity/Hub/Editor/2020.3.13f1/Editor/Data/PlaybackEngines/WindowsStandaloneSupport/UnityEditor.WindowsStandalone.Extensions.dll
Registered in 0.002987 seconds.
Native extension for WindowsStandalone target not found
Refreshing native plugins compatible for Editor in 49.67 ms, found 3 plugins.
Preloading 0 native plugins for Editor in 0.00 ms.
Mono: successfully reloaded assembly
- Completed reload, in  2.636 seconds
Platform modules already initialized, skipping
Registering precompiled user dll's ...
Registered in 0.008005 seconds.
Begin MonoManager ReloadAssembly
Native extension for WindowsStandalone target not found
Refreshing native plugins compatible for Editor in 50.95 ms, found 3 plugins.
Preloading 0 native plugins for Editor in 0.00 ms.
Mono: successfully reloaded assembly
- Completed reload, in  1.403 seconds
Platform modules already initialized, skipping
========================================================================
Worker process is ready to serve import requests
Launched and connected shader compiler UnityShaderCompiler.exe after 0.05 seconds
Refreshing native plugins compatible for Editor in 0.51 ms, found 3 plugins.
Preloading 0 native plugins for Editor in 0.00 ms.
Unloading 2087 Unused Serialized files (Serialized files now loaded: 0)
System memory in use before: 92.9 MB.
System memory in use after: 93.0 MB.

Unloading 28 unused Assets to reduce memory usage. Loaded Objects now: 2525.
Total: 2.544100 ms (FindLiveObjects: 0.214800 ms CreateObjectMapping: 0.105900 ms MarkObjects: 2.138000 ms  DeleteObjects: 0.084300 ms)

AssetImportParameters requested are different than current active one (requested -> active):
  custom:framework-win-MediaFoundation: 216162199b28c13a410421893ffa2e32 -> 
  custom:video-decoder-ogg-theora: a1e56fd34408186e4bbccfd4996cb3dc -> 
  custom:container-muxer-webm: aa71ff27fc2769a1b78a27578f13a17b -> 
  custom:container-demuxer-webm: 4f35f7cbe854078d1ac9338744f61a02 -> 
  custom:container-demuxer-ogg: 62fdf1f143b41e24485cea50d1cbac27 -> 
  custom:video-encoder-webm-vp8: eb34c28f22e8b96e1ab97ce403110664 -> 
  custom:video-decoder-webm-vp8: 9c59270c3fd7afecdb556c50c9e8de78 -> 
  custom:audio-decoder-ogg-vorbis: bf7c407c2cedff20999df2af8eb42d56 -> 
  custom:audio-encoder-webm-vorbis: bf7c407c2cedff20999df2af8eb42d56 -> 
========================================================================
Received Import Request.
  path: Assets/Scenes/SampleScene.unity
  artifactKey: Guid(2cda990e2423bbf4892e6590ba056729) Importer(815301076,1909f56bfc062723c751e8b465ee728b)
Start importing Assets/Scenes/SampleScene.unity using Guid(2cda990e2423bbf4892e6590ba056729) Importer(815301076,1909f56bfc062723c751e8b465ee728b)  -> (artifact id: 'b4d3d402ad282469a1f5083e3ae2c82f') in 0.019369 seconds 
  Import took 0.022959 seconds .

========================================================================
Received Import Request.
  Time since last request: 0.000274 seconds.
  path: Assets/Scenes/SkeletonAnimation.unity
  artifactKey: Guid(a3346ba5e6a4a214abc56558fa2ae039) Importer(815301076,1909f56bfc062723c751e8b465ee728b)
Start importing Assets/Scenes/SkeletonAnimation.unity using Guid(a3346ba5e6a4a214abc56558fa2ae039) Importer(815301076,1909f56bfc062723c751e8b465ee728b)  -> (artifact id: 'f61f31a50767a4d0a641d919f78ecf6e') in 0.007401 seconds 
  Import took 0.011012 seconds .

========================================================================
Received Import Request.
  Time since last request: 0.000253 seconds.
  path: Assets/Scenes/AnimacionPorJerarquia.unity
  artifactKey: Guid(0ed869a8e41f85e46a68a1a3ff09284a) Importer(815301076,1909f56bfc062723c751e8b465ee728b)
Start importing Assets/Scenes/AnimacionPorJerarquia.unity using Guid(0ed869a8e41f85e46a68a1a3ff09284a) Importer(815301076,1909f56bfc062723c751e8b465ee728b)  -> (artifact id: 'f0f54d848e4f22a3d5224fcec06e65e1') in 0.007920 seconds 
  Import took 0.011396 seconds .

========================================================================
Received Import Request.
  Time since last request: 0.000257 seconds.
  path: Assets/Scenes
  artifactKey: Guid(0704950ebfb84634498cfe4634546979) Importer(815301076,1909f56bfc062723c751e8b465ee728b)
Start importing Assets/Scenes using Guid(0704950ebfb84634498cfe4634546979) Importer(815301076,1909f56bfc062723c751e8b465ee728b)  -> (artifact id: 'c9109a91682a4ab9e4b6cf6359aa362e') in 0.006952 seconds 
  Import took 0.010734 seconds .

========================================================================
Received Import Request.
  Time since last request: 7.810543 seconds.
  path: Assets/Scenes/SkeletonAnimation 1.unity
  artifactKey: Guid(3eb9359c90d330147b46fcbe8f6b4cdc) Importer(815301076,1909f56bfc062723c751e8b465ee728b)
Start importing Assets/Scenes/SkeletonAnimation 1.unity using Guid(3eb9359c90d330147b46fcbe8f6b4cdc) Importer(815301076,1909f56bfc062723c751e8b465ee728b)  -> (artifact id: '24c1e8720d071e1abb80f1b902f223e2') in 0.009735 seconds 
  Import took 0.014276 seconds .

========================================================================
Received Import Request.
  Time since last request: 114.937575 seconds.
  path: Assets/Sprites/d9uiqx0-10da391f-47b7-47b8-81d4-8cd1668b402a.png
  artifactKey: Guid(494fe72f15643b144904c98012bd79cd) Importer(815301076,1909f56bfc062723c751e8b465ee728b)
Start importing Assets/Sprites/d9uiqx0-10da391f-47b7-47b8-81d4-8cd1668b402a.png using Guid(494fe72f15643b144904c98012bd79cd) Importer(815301076,1909f56bfc062723c751e8b465ee728b)  -> (artifact id: 'c6f352d271b8346b0f609865ea767ad5') in 0.115543 seconds 
  Import took 0.121291 seconds .

========================================================================
Received Import Request.
  Time since last request: 0.000390 seconds.
  path: Assets/Sprites/troll.psb
  artifactKey: Guid(859595ff3b8bde74ea55dabaea60c171) Importer(815301076,1909f56bfc062723c751e8b465ee728b)
Start importing Assets/Sprites/troll.psb using Guid(859595ff3b8bde74ea55dabaea60c171) Importer(815301076,1909f56bfc062723c751e8b465ee728b)  -> (artifact id: '4d918a9102467bb351cc5aa1c4a01a1e') in 0.164970 seconds 
  Import took 0.168692 seconds .

========================================================================
Received Import Request.
  Time since last request: 0.000410 seconds.
  path: Assets/Sprites/gBot_pieces.png
  artifactKey: Guid(80b0449abbdd19b44a33632725e14de3) Importer(815301076,1909f56bfc062723c751e8b465ee728b)
Start importing Assets/Sprites/gBot_pieces.png using Guid(80b0449abbdd19b44a33632725e14de3) Importer(815301076,1909f56bfc062723c751e8b465ee728b)  -> (artifact id: 'c8149df97fda01189d12a186bd0425dd') in 0.028984 seconds 
  Import took 0.032709 seconds .

========================================================================
Received Import Request.
  Time since last request: 0.000260 seconds.
  path: Assets/Sprites/SpriteJerarquiaAnimacion.png
  artifactKey: Guid(2e02adf3873cb7a4bbeabc30cdc1093c) Importer(815301076,1909f56bfc062723c751e8b465ee728b)
Start importing Assets/Sprites/SpriteJerarquiaAnimacion.png using Guid(2e02adf3873cb7a4bbeabc30cdc1093c) Importer(815301076,1909f56bfc062723c751e8b465ee728b)  -> (artifact id: 'b25ed76446b33db5c77f4ded2c9e2168') in 0.110558 seconds 
  Import took 0.115033 seconds .

========================================================================
Received Import Request.
  Time since last request: 0.000237 seconds.
  path: Assets/Sprites/gBot_pieces.png
  artifactKey: Guid(80b0449abbdd19b44a33632725e14de3) Importer(815301076,1909f56bfc062723c751e8b465ee728b)
Start importing Assets/Sprites/gBot_pieces.png using Guid(80b0449abbdd19b44a33632725e14de3) Importer(815301076,1909f56bfc062723c751e8b465ee728b)  -> (artifact id: 'c8149df97fda01189d12a186bd0425dd') in 0.014836 seconds 
  Import took 0.018677 seconds .

========================================================================
Received Import Request.
  Time since last request: 0.000251 seconds.
  path: Assets/Sprites/vector-cartoon-forest-seamless-background-elements-for-mobile-games.jpg
  artifactKey: Guid(60adaaf990646944a9bb612a3e43eab0) Importer(815301076,1909f56bfc062723c751e8b465ee728b)
Start importing Assets/Sprites/vector-cartoon-forest-seamless-background-elements-for-mobile-games.jpg using Guid(60adaaf990646944a9bb612a3e43eab0) Importer(815301076,1909f56bfc062723c751e8b465ee728b)  -> (artifact id: '3c74e6a72d2181dd154fb31544b206e8') in 0.034395 seconds 
  Import took 0.038294 seconds .

========================================================================
Received Import Request.
  Time since last request: 0.000218 seconds.
  path: Assets/Sprites/ImageseEffects.png
  artifactKey: Guid(55a266523183cd14b90ed03bd3451880) Importer(815301076,1909f56bfc062723c751e8b465ee728b)
Start importing Assets/Sprites/ImageseEffects.png using Guid(55a266523183cd14b90ed03bd3451880) Importer(815301076,1909f56bfc062723c751e8b465ee728b)  -> (artifact id: 'b1b8570c12ec326a9c913f6b20d4ddbf') in 0.065290 seconds 
  Import took 0.069231 seconds .

========================================================================
Received Import Request.
  Time since last request: 0.000185 seconds.
  path: Assets/Sprites/PngJoy_megaman-sprite-megaman-sprite-sheet-png-png-download_4317253.png
  artifactKey: Guid(21e0c955ef9f6504dbf3213a47c918c3) Importer(815301076,1909f56bfc062723c751e8b465ee728b)
Start importing Assets/Sprites/PngJoy_megaman-sprite-megaman-sprite-sheet-png-png-download_4317253.png using Guid(21e0c955ef9f6504dbf3213a47c918c3) Importer(815301076,1909f56bfc062723c751e8b465ee728b)  -> (artifact id: 'd2360917cb9c872f0ff6c01ddda9e8cd') in 0.235829 seconds 
  Import took 0.240015 seconds .

========================================================================
Received Import Request.
  Time since last request: 9.395319 seconds.
  path: Assets/Sprites/SpriteCharacter.psb
  artifactKey: Guid(06b243250c86be24785fd1f9c04518a8) Importer(815301076,1909f56bfc062723c751e8b465ee728b)
Start importing Assets/Sprites/SpriteCharacter.psb using Guid(06b243250c86be24785fd1f9c04518a8) Importer(815301076,1909f56bfc062723c751e8b465ee728b)  -> (artifact id: '0fa517b0bd44d70a9c015dd76f330bae') in 0.042057 seconds 
  Import took 0.046423 seconds .

========================================================================
Received Import Request.
  Time since last request: 485.659939 seconds.
  path: Assets/Sprites/MBoy.psb
  artifactKey: Guid(10a7c5673c477f644b051913cd5fa44c) Importer(815301076,1909f56bfc062723c751e8b465ee728b)
Start importing Assets/Sprites/MBoy.psb using Guid(10a7c5673c477f644b051913cd5fa44c) Importer(815301076,1909f56bfc062723c751e8b465ee728b)  -> (artifact id: '97a80fe351a3f0d4a0cb48e0e4d1376d') in 0.168328 seconds 
  Import took 0.173696 seconds .

========================================================================
Received Import Request.
  Time since last request: 913.588468 seconds.
  path: Assets/Sprites/MBoy.psb
  artifactKey: Guid(10a7c5673c477f644b051913cd5fa44c) Importer(815301076,1909f56bfc062723c751e8b465ee728b)
Start importing Assets/Sprites/MBoy.psb using Guid(10a7c5673c477f644b051913cd5fa44c) Importer(815301076,1909f56bfc062723c751e8b465ee728b)  -> (artifact id: '16a80b5d4de98c8a9fc87100f9fb83b8') in 0.123298 seconds 
  Import took 0.129874 seconds .

========================================================================
Received Import Request.
  Time since last request: 388.535295 seconds.
  path: Assets/Sprites/MBoy.psb
  artifactKey: Guid(10a7c5673c477f644b051913cd5fa44c) Importer(815301076,1909f56bfc062723c751e8b465ee728b)
Start importing Assets/Sprites/MBoy.psb using Guid(10a7c5673c477f644b051913cd5fa44c) Importer(815301076,1909f56bfc062723c751e8b465ee728b)  -> (artifact id: '57cc9d9f1bb0682dff91b0e1ce2a5fa6') in 0.223440 seconds 
  Import took 0.229150 seconds .

AssetImportWorkerClient::OnTransportError - code=2 error=End of file
