Using pre-set license
Built from '2020.3/release' branch; Version is '2020.3.15f2 (6cf78cb77498) revision 7141260'; Using compiler version '192528614'; Build Type 'Release'
OS: 'Windows 10 Pro; OS build 19041.1415; Version 2004; 64bit' Language: 'es' Physical Memory: 32694 MB
BatchMode: 1, IsHumanControllingUs: 0, StartBugReporterOnCrash: 0, Is64bit: 1, IsPro: 0

 COMMAND LINE ARGUMENTS:
C:\Program Files\Unity\Hub\Editor\2020.3.15f2\Editor\Unity.exe
-adb2
-batchMode
-noUpm
-name
AssetImportWorker0
-projectPath
D:/RepositorioDDPDM/Animaciones2D-Movements
-logFile
Logs/AssetImportWorker0.log
-srvPort
60656
Successfully changed project path to: D:/RepositorioDDPDM/Animaciones2D-Movements
D:/RepositorioDDPDM/Animaciones2D-Movements
Using Asset Import Pipeline V2.
Refreshing native plugins compatible for Editor in 38.78 ms, found 4 plugins.
Preloading 0 native plugins for Editor in 0.00 ms.
Initialize engine version: 2020.3.15f2 (6cf78cb77498)
[Subsystems] Discovering subsystems at path C:/Program Files/Unity/Hub/Editor/2020.3.15f2/Editor/Data/Resources/UnitySubsystems
[Subsystems] Discovering subsystems at path D:/RepositorioDDPDM/Animaciones2D-Movements/Assets
GfxDevice: creating device client; threaded=0
Direct3D:
    Version:  Direct3D 11.0 [level 11.1]
    Renderer: AMD Radeon RX 5700 XT (ID=0x731f)
    Vendor:   
    VRAM:     8151 MB
    Driver:   30.0.13023.4001
Initialize mono
Mono path[0] = 'C:/Program Files/Unity/Hub/Editor/2020.3.15f2/Editor/Data/Managed'
Mono path[1] = 'C:/Program Files/Unity/Hub/Editor/2020.3.15f2/Editor/Data/MonoBleedingEdge/lib/mono/unityjit'
Mono config path = 'C:/Program Files/Unity/Hub/Editor/2020.3.15f2/Editor/Data/MonoBleedingEdge/etc'
Using monoOptions --debugger-agent=transport=dt_socket,embedding=1,server=y,suspend=n,address=127.0.0.1:56520
Begin MonoManager ReloadAssembly
Registering precompiled unity dll's ...
Register platform support module: C:/Program Files/Unity/Hub/Editor/2020.3.15f2/Editor/Data/PlaybackEngines/WebGLSupport/UnityEditor.WebGL.Extensions.dll
Register platform support module: C:/Program Files/Unity/Hub/Editor/2020.3.15f2/Editor/Data/PlaybackEngines/WindowsStandaloneSupport/UnityEditor.WindowsStandalone.Extensions.dll
Registered in 0.001970 seconds.
Native extension for WindowsStandalone target not found
Native extension for WebGL target not found
Refreshing native plugins compatible for Editor in 35.53 ms, found 4 plugins.
Preloading 0 native plugins for Editor in 0.00 ms.
Mono: successfully reloaded assembly
- Completed reload, in  1.561 seconds
Domain Reload Profiling:
	ReloadAssembly (1561ms)
		BeginReloadAssembly (43ms)
			ExecutionOrderSort (0ms)
			DisableScriptedObjects (0ms)
			BackupInstance (0ms)
			ReleaseScriptingObjects (0ms)
			CreateAndSetChildDomain (1ms)
		EndReloadAssembly (322ms)
			LoadAssemblies (41ms)
			RebuildTransferFunctionScriptingTraits (0ms)
			SetupTypeCache (115ms)
			ReleaseScriptCaches (0ms)
			RebuildScriptCaches (24ms)
			SetupLoadedEditorAssemblies (129ms)
				LogAssemblyErrors (0ms)
				InitializePlatformSupportModulesInManaged (4ms)
				SetLoadedEditorAssemblies (0ms)
				RefreshPlugins (36ms)
				BeforeProcessingInitializeOnLoad (11ms)
				ProcessInitializeOnLoadAttributes (59ms)
				ProcessInitializeOnLoadMethodAttributes (20ms)
				AfterProcessingInitializeOnLoad (0ms)
				EditorAssembliesLoaded (0ms)
			ExecutionOrderSort2 (0ms)
			AwakeInstancesAfterBackupRestoration (0ms)
Platform modules already initialized, skipping
Registering precompiled user dll's ...
Registered in 0.003118 seconds.
Begin MonoManager ReloadAssembly
Native extension for WindowsStandalone target not found
Native extension for WebGL target not found
Refreshing native plugins compatible for Editor in 38.30 ms, found 4 plugins.
Preloading 0 native plugins for Editor in 0.00 ms.
Mono: successfully reloaded assembly
- Completed reload, in  0.952 seconds
Domain Reload Profiling:
	ReloadAssembly (953ms)
		BeginReloadAssembly (116ms)
			ExecutionOrderSort (0ms)
			DisableScriptedObjects (3ms)
			BackupInstance (0ms)
			ReleaseScriptingObjects (0ms)
			CreateAndSetChildDomain (15ms)
		EndReloadAssembly (786ms)
			LoadAssemblies (72ms)
			RebuildTransferFunctionScriptingTraits (0ms)
			SetupTypeCache (228ms)
			ReleaseScriptCaches (0ms)
			RebuildScriptCaches (40ms)
			SetupLoadedEditorAssemblies (346ms)
				LogAssemblyErrors (0ms)
				InitializePlatformSupportModulesInManaged (4ms)
				SetLoadedEditorAssemblies (0ms)
				RefreshPlugins (38ms)
				BeforeProcessingInitializeOnLoad (74ms)
				ProcessInitializeOnLoadAttributes (215ms)
				ProcessInitializeOnLoadMethodAttributes (9ms)
				AfterProcessingInitializeOnLoad (5ms)
				EditorAssembliesLoaded (0ms)
			ExecutionOrderSort2 (0ms)
			AwakeInstancesAfterBackupRestoration (5ms)
Platform modules already initialized, skipping
========================================================================
Worker process is ready to serve import requests
Launched and connected shader compiler UnityShaderCompiler.exe after 0.04 seconds
Refreshing native plugins compatible for Editor in 0.48 ms, found 4 plugins.
Preloading 0 native plugins for Editor in 0.00 ms.
Unloading 2268 Unused Serialized files (Serialized files now loaded: 0)
System memory in use before: 99.1 MB.
System memory in use after: 99.3 MB.

Unloading 31 unused Assets to reduce memory usage. Loaded Objects now: 2704.
Total: 2.136400 ms (FindLiveObjects: 0.207600 ms CreateObjectMapping: 0.055600 ms MarkObjects: 1.818300 ms  DeleteObjects: 0.053800 ms)

AssetImportParameters requested are different than current active one (requested -> active):
  custom:framework-win-MediaFoundation: 216162199b28c13a410421893ffa2e32 -> 
  custom:video-decoder-ogg-theora: a1e56fd34408186e4bbccfd4996cb3dc -> 
  custom:container-muxer-webm: aa71ff27fc2769a1b78a27578f13a17b -> 
  custom:container-demuxer-webm: 4f35f7cbe854078d1ac9338744f61a02 -> 
  custom:container-demuxer-ogg: 62fdf1f143b41e24485cea50d1cbac27 -> 
  custom:video-encoder-webm-vp8: eb34c28f22e8b96e1ab97ce403110664 -> 
  custom:video-decoder-webm-vp8: 9c59270c3fd7afecdb556c50c9e8de78 -> 
  custom:audio-decoder-ogg-vorbis: bf7c407c2cedff20999df2af8eb42d56 -> 
  custom:audio-encoder-webm-vorbis: bf7c407c2cedff20999df2af8eb42d56 -> 
========================================================================
Received Import Request.
  path: Assets/CoeficienteDeFriccion.physicsMaterial2D
  artifactKey: Guid(f89e15a95a8ce6549b0f999e34be271c) Importer(815301076,1909f56bfc062723c751e8b465ee728b)
Start importing Assets/CoeficienteDeFriccion.physicsMaterial2D using Guid(f89e15a95a8ce6549b0f999e34be271c) Importer(815301076,1909f56bfc062723c751e8b465ee728b)  -> (artifact id: 'abc8c2429194cd5247befc926d4e4c5b') in 0.027172 seconds 
  Import took 0.030294 seconds .

========================================================================
Received Import Request.
  Time since last request: 16.922713 seconds.
  path: Assets/Scripts/d9uiqx0-10da391f-47b7-47b8-81d4-8cd1668b402a.png
  artifactKey: Guid(7ca455e99f11e394e870666157110d8a) Importer(815301076,1909f56bfc062723c751e8b465ee728b)
Start importing Assets/Scripts/d9uiqx0-10da391f-47b7-47b8-81d4-8cd1668b402a.png using Guid(7ca455e99f11e394e870666157110d8a) Importer(815301076,1909f56bfc062723c751e8b465ee728b)  -> (artifact id: '1d26b517c7021311dfe3d2a519fbc689') in 0.079845 seconds 
  Import took 0.082991 seconds .

========================================================================
Received Import Request.
  Time since last request: 0.788121 seconds.
  path: Assets/Sprites/d9uiqx0-10da391f-47b7-47b8-81d4-8cd1668b402a.png
  artifactKey: Guid(494fe72f15643b144904c98012bd79cd) Importer(815301076,1909f56bfc062723c751e8b465ee728b)
Start importing Assets/Sprites/d9uiqx0-10da391f-47b7-47b8-81d4-8cd1668b402a.png using Guid(494fe72f15643b144904c98012bd79cd) Importer(815301076,1909f56bfc062723c751e8b465ee728b)  -> (artifact id: '94b812d8effca0018bbd30fd4b97bfe0') in 0.011180 seconds 
  Import took 0.014413 seconds .

========================================================================
Received Import Request.
  Time since last request: 0.000193 seconds.
  path: Assets/Sprites/Level1Background-original.jpg
  artifactKey: Guid(59a756f337d2be3489629428b59aa5c5) Importer(815301076,1909f56bfc062723c751e8b465ee728b)
Start importing Assets/Sprites/Level1Background-original.jpg using Guid(59a756f337d2be3489629428b59aa5c5) Importer(815301076,1909f56bfc062723c751e8b465ee728b)  -> (artifact id: 'a09e00b0f5afdf2b4ae7c7f59cb9aa87') in 0.015806 seconds 
  Import took 0.018471 seconds .

========================================================================
Received Import Request.
  Time since last request: 0.000154 seconds.
  path: Assets/Sprites/IceBackground.jpg
  artifactKey: Guid(b34d43ec8521dde43bef00122e868ab3) Importer(815301076,1909f56bfc062723c751e8b465ee728b)
Start importing Assets/Sprites/IceBackground.jpg using Guid(b34d43ec8521dde43bef00122e868ab3) Importer(815301076,1909f56bfc062723c751e8b465ee728b)  -> (artifact id: 'dc381046a12fbcbda4d53c617883b431') in 0.013021 seconds 
  Import took 0.015768 seconds .

========================================================================
Received Import Request.
  Time since last request: 0.000148 seconds.
  path: Assets/Sprites/gBot_pieces.png
  artifactKey: Guid(80b0449abbdd19b44a33632725e14de3) Importer(815301076,1909f56bfc062723c751e8b465ee728b)
Start importing Assets/Sprites/gBot_pieces.png using Guid(80b0449abbdd19b44a33632725e14de3) Importer(815301076,1909f56bfc062723c751e8b465ee728b)  -> (artifact id: '754ff16aa3ee7ddf3d7b98fd88e314b1') in 0.012491 seconds 
  Import took 0.015863 seconds .

========================================================================
Received Import Request.
  Time since last request: 0.000147 seconds.
  path: Assets/Sprites/SpringBonesSprite.psb
  artifactKey: Guid(e21ba062adaf4414aac23352e04c9bc8) Importer(815301076,1909f56bfc062723c751e8b465ee728b)
Start importing Assets/Sprites/SpringBonesSprite.psb using Guid(e21ba062adaf4414aac23352e04c9bc8) Importer(815301076,1909f56bfc062723c751e8b465ee728b)  -> (artifact id: 'fd6af468e068d4f5cc53fec5bf85c626') in 0.127987 seconds 
  Import took 0.130940 seconds .

========================================================================
Received Import Request.
  Time since last request: 0.000164 seconds.
  path: Assets/Sprites/troll.psb
  artifactKey: Guid(859595ff3b8bde74ea55dabaea60c171) Importer(815301076,1909f56bfc062723c751e8b465ee728b)
Start importing Assets/Sprites/troll.psb using Guid(859595ff3b8bde74ea55dabaea60c171) Importer(815301076,1909f56bfc062723c751e8b465ee728b)  -> (artifact id: '7890fe267a78b6627516f45124a927b0') in 0.051416 seconds 
  Import took 0.054281 seconds .

========================================================================
Received Import Request.
  Time since last request: 0.000155 seconds.
  path: Assets/Sprites/space-game-location-seamless-background-vector-30020085.jpg
  artifactKey: Guid(b4357b0f515ca81429e098839f431b30) Importer(815301076,1909f56bfc062723c751e8b465ee728b)
Start importing Assets/Sprites/space-game-location-seamless-background-vector-30020085.jpg using Guid(b4357b0f515ca81429e098839f431b30) Importer(815301076,1909f56bfc062723c751e8b465ee728b)  -> (artifact id: '585021a0b77d265482b8f60f990d4b2d') in 0.011789 seconds 
  Import took 0.014979 seconds .

========================================================================
Received Import Request.
  Time since last request: 0.000168 seconds.
  path: Assets/Sprites/MBoy2.psb
  artifactKey: Guid(16c96fba417b3c74ca0c27e6e96b14ab) Importer(815301076,1909f56bfc062723c751e8b465ee728b)
Start importing Assets/Sprites/MBoy2.psb using Guid(16c96fba417b3c74ca0c27e6e96b14ab) Importer(815301076,1909f56bfc062723c751e8b465ee728b)  -> (artifact id: '6121f90803da72d3ca357323f9478b05') in 0.061599 seconds 
  Import took 0.064467 seconds .

========================================================================
Received Import Request.
  Time since last request: 0.000159 seconds.
  path: Assets/Sprites/SpriteJerarquiaAnimacion.png
  artifactKey: Guid(2e02adf3873cb7a4bbeabc30cdc1093c) Importer(815301076,1909f56bfc062723c751e8b465ee728b)
Start importing Assets/Sprites/SpriteJerarquiaAnimacion.png using Guid(2e02adf3873cb7a4bbeabc30cdc1093c) Importer(815301076,1909f56bfc062723c751e8b465ee728b)  -> (artifact id: '6f16b85e7510de763021473edbe0d4b1') in 0.046354 seconds 
  Import took 0.049071 seconds .

========================================================================
Received Import Request.
  Time since last request: 0.000160 seconds.
  path: Assets/Sprites/SkinsBoyM.asset
  artifactKey: Guid(a28b399fdded11e428ab4cb746c4cf0f) Importer(815301076,1909f56bfc062723c751e8b465ee728b)
Start importing Assets/Sprites/SkinsBoyM.asset using Guid(a28b399fdded11e428ab4cb746c4cf0f) Importer(815301076,1909f56bfc062723c751e8b465ee728b)  -> (artifact id: '473ce72d9845543383118b7d0e53e124') in 0.008632 seconds 
  Import took 0.011382 seconds .

========================================================================
Received Import Request.
  Time since last request: 0.000141 seconds.
  path: Assets/Sprites/vector-cartoon-forest-seamless-background-elements-for-mobile-games.jpg
  artifactKey: Guid(60adaaf990646944a9bb612a3e43eab0) Importer(815301076,1909f56bfc062723c751e8b465ee728b)
Start importing Assets/Sprites/vector-cartoon-forest-seamless-background-elements-for-mobile-games.jpg using Guid(60adaaf990646944a9bb612a3e43eab0) Importer(815301076,1909f56bfc062723c751e8b465ee728b)  -> (artifact id: '4331b410479157dc5434212f652dec4a') in 0.012364 seconds 
  Import took 0.015569 seconds .

========================================================================
Received Import Request.
  Time since last request: 0.000164 seconds.
  path: Assets/Sprites/SpaceBackground.png
  artifactKey: Guid(670d962b90c0e5142a5c80b0512ff21d) Importer(815301076,1909f56bfc062723c751e8b465ee728b)
Start importing Assets/Sprites/SpaceBackground.png using Guid(670d962b90c0e5142a5c80b0512ff21d) Importer(815301076,1909f56bfc062723c751e8b465ee728b)  -> (artifact id: '0cb4501157539a505d5c994cbed48b78') in 0.013676 seconds 
  Import took 0.016409 seconds .

========================================================================
Received Import Request.
  Time since last request: 0.000164 seconds.
  path: Assets/Sprites/MBoy3.psb
  artifactKey: Guid(17317b856e1ec0d4d95051398aca51f1) Importer(815301076,1909f56bfc062723c751e8b465ee728b)
Start importing Assets/Sprites/MBoy3.psb using Guid(17317b856e1ec0d4d95051398aca51f1) Importer(815301076,1909f56bfc062723c751e8b465ee728b)  -> (artifact id: '3a9c1d995621804ccdd69b266d532fae') in 0.065391 seconds 
  Import took 0.068317 seconds .

========================================================================
Received Import Request.
  Time since last request: 0.000183 seconds.
  path: Assets/Sprites/SpriteCharacter.psb
  artifactKey: Guid(06b243250c86be24785fd1f9c04518a8) Importer(815301076,1909f56bfc062723c751e8b465ee728b)
Start importing Assets/Sprites/SpriteCharacter.psb using Guid(06b243250c86be24785fd1f9c04518a8) Importer(815301076,1909f56bfc062723c751e8b465ee728b)  -> (artifact id: '112318a70ab96525e6de5441c2a914b5') in 0.017737 seconds 
  Import took 0.021303 seconds .

========================================================================
Received Import Request.
  Time since last request: 0.000140 seconds.
  path: Assets/Sprites/ImageseEffects.png
  artifactKey: Guid(55a266523183cd14b90ed03bd3451880) Importer(815301076,1909f56bfc062723c751e8b465ee728b)
Start importing Assets/Sprites/ImageseEffects.png using Guid(55a266523183cd14b90ed03bd3451880) Importer(815301076,1909f56bfc062723c751e8b465ee728b)  -> (artifact id: '901cf40b9f282b38b8738d450537bd08') in 0.031290 seconds 
  Import took 0.034286 seconds .

========================================================================
Received Import Request.
  Time since last request: 0.000156 seconds.
  path: Assets/Sprites/Items.png
  artifactKey: Guid(13c6742b7b1d4894c8a9b9bf54931692) Importer(815301076,1909f56bfc062723c751e8b465ee728b)
Start importing Assets/Sprites/Items.png using Guid(13c6742b7b1d4894c8a9b9bf54931692) Importer(815301076,1909f56bfc062723c751e8b465ee728b)  -> (artifact id: '7cd00c44a54b4bb76bb67b7f771d4ff3') in 0.047340 seconds 
  Import took 0.050445 seconds .

========================================================================
Received Import Request.
  Time since last request: 0.000155 seconds.
  path: Assets/Sprites/PngJoy_megaman-sprite-megaman-sprite-sheet-png-png-download_4317253.png
  artifactKey: Guid(21e0c955ef9f6504dbf3213a47c918c3) Importer(815301076,1909f56bfc062723c751e8b465ee728b)
Start importing Assets/Sprites/PngJoy_megaman-sprite-megaman-sprite-sheet-png-png-download_4317253.png using Guid(21e0c955ef9f6504dbf3213a47c918c3) Importer(815301076,1909f56bfc062723c751e8b465ee728b)  -> (artifact id: '86d7b2b2c060a7b5a0fd8ffae5cb363b') in 0.167390 seconds 
  Import took 0.170802 seconds .

========================================================================
Received Import Request.
  Time since last request: 0.000153 seconds.
  path: Assets/Sprites/MBoy.psb
  artifactKey: Guid(10a7c5673c477f644b051913cd5fa44c) Importer(815301076,1909f56bfc062723c751e8b465ee728b)
Start importing Assets/Sprites/MBoy.psb using Guid(10a7c5673c477f644b051913cd5fa44c) Importer(815301076,1909f56bfc062723c751e8b465ee728b)  -> (artifact id: 'a27c75c3c3d237f9510b97bcf6ac0dd9') in 0.060061 seconds 
  Import took 0.062940 seconds .

========================================================================
Received Import Request.
  Time since last request: 867.707213 seconds.
  path: Assets/Scenes/MovementsType.unity
  artifactKey: Guid(91e3ef9e5e63cf54d94d011e0a7ce9d3) Importer(815301076,1909f56bfc062723c751e8b465ee728b)
Start importing Assets/Scenes/MovementsType.unity using Guid(91e3ef9e5e63cf54d94d011e0a7ce9d3) Importer(815301076,1909f56bfc062723c751e8b465ee728b)  -> (artifact id: 'e5772b0168f2b3f659fee3b749578133') in 0.005540 seconds 
  Import took 0.008937 seconds .

========================================================================
Received Import Request.
  Time since last request: 0.011286 seconds.
  path: Assets/Scenes/MovementsType.unity
  artifactKey: Guid(91e3ef9e5e63cf54d94d011e0a7ce9d3) Importer(815301076,1909f56bfc062723c751e8b465ee728b)
Start importing Assets/Scenes/MovementsType.unity using Guid(91e3ef9e5e63cf54d94d011e0a7ce9d3) Importer(815301076,1909f56bfc062723c751e8b465ee728b)  -> (artifact id: 'e5772b0168f2b3f659fee3b749578133') in 0.002125 seconds 
  Import took 0.004948 seconds .

========================================================================
Received Import Request.
  Time since last request: 3.638608 seconds.
  path: Assets/Scenes/SampleScene.unity
  artifactKey: Guid(2cda990e2423bbf4892e6590ba056729) Importer(815301076,1909f56bfc062723c751e8b465ee728b)
Start importing Assets/Scenes/SampleScene.unity using Guid(2cda990e2423bbf4892e6590ba056729) Importer(815301076,1909f56bfc062723c751e8b465ee728b)  -> (artifact id: 'b4d3d402ad282469a1f5083e3ae2c82f') in 0.005531 seconds 
  Import took 0.008696 seconds .

========================================================================
Received Import Request.
  Time since last request: 0.722964 seconds.
  path: Assets/Scenes/SkeletonAnimation.unity
  artifactKey: Guid(a3346ba5e6a4a214abc56558fa2ae039) Importer(815301076,1909f56bfc062723c751e8b465ee728b)
Start importing Assets/Scenes/SkeletonAnimation.unity using Guid(a3346ba5e6a4a214abc56558fa2ae039) Importer(815301076,1909f56bfc062723c751e8b465ee728b)  -> (artifact id: '1aaf4cf91fcc88d4f932c6108c6de8b5') in 0.005483 seconds 
  Import took 0.008712 seconds .

========================================================================
Received Import Request.
  Time since last request: 0.699072 seconds.
  path: Assets/Scenes/SpaceLevel.unity
  artifactKey: Guid(7c79f44e01fe8d74d923f2da87a1a5cc) Importer(815301076,1909f56bfc062723c751e8b465ee728b)
Start importing Assets/Scenes/SpaceLevel.unity using Guid(7c79f44e01fe8d74d923f2da87a1a5cc) Importer(815301076,1909f56bfc062723c751e8b465ee728b)  -> (artifact id: '83637842aee945d883306178bf3866b8') in 0.005013 seconds 
  Import took 0.008217 seconds .

========================================================================
Received Import Request.
  Time since last request: 1.231980 seconds.
  path: Assets/Scenes/IceLevel.unity
  artifactKey: Guid(be4a5534378c4e84497a666b11b9e95c) Importer(815301076,1909f56bfc062723c751e8b465ee728b)
Start importing Assets/Scenes/IceLevel.unity using Guid(be4a5534378c4e84497a666b11b9e95c) Importer(815301076,1909f56bfc062723c751e8b465ee728b)  -> (artifact id: '0741b3621cf109038fb1e524a6aac644') in 0.005323 seconds 
  Import took 0.008393 seconds .

========================================================================
Received Import Request.
  Time since last request: 0.618614 seconds.
  path: Assets/Scenes/AnimacionPorJerarquia.unity
  artifactKey: Guid(0ed869a8e41f85e46a68a1a3ff09284a) Importer(815301076,1909f56bfc062723c751e8b465ee728b)
Start importing Assets/Scenes/AnimacionPorJerarquia.unity using Guid(0ed869a8e41f85e46a68a1a3ff09284a) Importer(815301076,1909f56bfc062723c751e8b465ee728b)  -> (artifact id: 'f0f54d848e4f22a3d5224fcec06e65e1') in 0.004837 seconds 
  Import took 0.008007 seconds .

========================================================================
Received Import Request.
  Time since last request: 0.935915 seconds.
  path: Assets/Scenes/IKanimation.unity
  artifactKey: Guid(bb1ac45b59694e14595c7166637cd11b) Importer(815301076,1909f56bfc062723c751e8b465ee728b)
Start importing Assets/Scenes/IKanimation.unity using Guid(bb1ac45b59694e14595c7166637cd11b) Importer(815301076,1909f56bfc062723c751e8b465ee728b)  -> (artifact id: '97bbd18d8f298834bf6a648f3190a109') in 0.005623 seconds 
  Import took 0.009033 seconds .

AssetImportWorkerClient::OnTransportError - code=2 error=End of file
