Using pre-set license
Built from '2020.3/release' branch; Version is '2020.3.15f2 (6cf78cb77498) revision 7141260'; Using compiler version '192528614'; Build Type 'Release'
OS: 'Windows 10 Pro; OS build 19041.1415; Version 2004; 64bit' Language: 'es' Physical Memory: 32694 MB
BatchMode: 1, IsHumanControllingUs: 0, StartBugReporterOnCrash: 0, Is64bit: 1, IsPro: 0

 COMMAND LINE ARGUMENTS:
C:\Program Files\Unity\Hub\Editor\2020.3.15f2\Editor\Unity.exe
-adb2
-batchMode
-noUpm
-name
AssetImportWorker0
-projectPath
D:/RepositorioDDPDM/UI-Unity
-logFile
Logs/AssetImportWorker0.log
-srvPort
54429
Successfully changed project path to: D:/RepositorioDDPDM/UI-Unity
D:/RepositorioDDPDM/UI-Unity
Using Asset Import Pipeline V2.
Refreshing native plugins compatible for Editor in 37.87 ms, found 3 plugins.
Preloading 0 native plugins for Editor in 0.00 ms.
Initialize engine version: 2020.3.15f2 (6cf78cb77498)
[Subsystems] Discovering subsystems at path C:/Program Files/Unity/Hub/Editor/2020.3.15f2/Editor/Data/Resources/UnitySubsystems
[Subsystems] Discovering subsystems at path D:/RepositorioDDPDM/UI-Unity/Assets
GfxDevice: creating device client; threaded=0
Direct3D:
    Version:  Direct3D 11.0 [level 11.1]
    Renderer: AMD Radeon RX 5700 XT (ID=0x731f)
    Vendor:   
    VRAM:     8151 MB
    Driver:   30.0.13023.4001
Initialize mono
Mono path[0] = 'C:/Program Files/Unity/Hub/Editor/2020.3.15f2/Editor/Data/Managed'
Mono path[1] = 'C:/Program Files/Unity/Hub/Editor/2020.3.15f2/Editor/Data/MonoBleedingEdge/lib/mono/unityjit'
Mono config path = 'C:/Program Files/Unity/Hub/Editor/2020.3.15f2/Editor/Data/MonoBleedingEdge/etc'
Using monoOptions --debugger-agent=transport=dt_socket,embedding=1,server=y,suspend=n,address=127.0.0.1:56052
Begin MonoManager ReloadAssembly
Registering precompiled unity dll's ...
Register platform support module: C:/Program Files/Unity/Hub/Editor/2020.3.15f2/Editor/Data/PlaybackEngines/WebGLSupport/UnityEditor.WebGL.Extensions.dll
Register platform support module: C:/Program Files/Unity/Hub/Editor/2020.3.15f2/Editor/Data/PlaybackEngines/WindowsStandaloneSupport/UnityEditor.WindowsStandalone.Extensions.dll
Registered in 0.001963 seconds.
Native extension for WindowsStandalone target not found
Native extension for WebGL target not found
Refreshing native plugins compatible for Editor in 37.16 ms, found 3 plugins.
Preloading 0 native plugins for Editor in 0.00 ms.
Mono: successfully reloaded assembly
- Completed reload, in  1.613 seconds
Domain Reload Profiling:
	ReloadAssembly (1613ms)
		BeginReloadAssembly (42ms)
			ExecutionOrderSort (0ms)
			DisableScriptedObjects (0ms)
			BackupInstance (0ms)
			ReleaseScriptingObjects (0ms)
			CreateAndSetChildDomain (1ms)
		EndReloadAssembly (338ms)
			LoadAssemblies (40ms)
			RebuildTransferFunctionScriptingTraits (0ms)
			SetupTypeCache (118ms)
			ReleaseScriptCaches (0ms)
			RebuildScriptCaches (24ms)
			SetupLoadedEditorAssemblies (135ms)
				LogAssemblyErrors (0ms)
				InitializePlatformSupportModulesInManaged (4ms)
				SetLoadedEditorAssemblies (0ms)
				RefreshPlugins (37ms)
				BeforeProcessingInitializeOnLoad (11ms)
				ProcessInitializeOnLoadAttributes (62ms)
				ProcessInitializeOnLoadMethodAttributes (20ms)
				AfterProcessingInitializeOnLoad (0ms)
				EditorAssembliesLoaded (0ms)
			ExecutionOrderSort2 (0ms)
			AwakeInstancesAfterBackupRestoration (0ms)
Platform modules already initialized, skipping
Registering precompiled user dll's ...
Registered in 0.003191 seconds.
Begin MonoManager ReloadAssembly
Native extension for WindowsStandalone target not found
Native extension for WebGL target not found
Refreshing native plugins compatible for Editor in 36.37 ms, found 3 plugins.
Preloading 0 native plugins for Editor in 0.00 ms.
Mono: successfully reloaded assembly
- Completed reload, in  0.933 seconds
Domain Reload Profiling:
	ReloadAssembly (934ms)
		BeginReloadAssembly (116ms)
			ExecutionOrderSort (0ms)
			DisableScriptedObjects (4ms)
			BackupInstance (0ms)
			ReleaseScriptingObjects (0ms)
			CreateAndSetChildDomain (15ms)
		EndReloadAssembly (768ms)
			LoadAssemblies (72ms)
			RebuildTransferFunctionScriptingTraits (0ms)
			SetupTypeCache (222ms)
			ReleaseScriptCaches (0ms)
			RebuildScriptCaches (38ms)
			SetupLoadedEditorAssemblies (339ms)
				LogAssemblyErrors (0ms)
				InitializePlatformSupportModulesInManaged (4ms)
				SetLoadedEditorAssemblies (0ms)
				RefreshPlugins (36ms)
				BeforeProcessingInitializeOnLoad (70ms)
				ProcessInitializeOnLoadAttributes (212ms)
				ProcessInitializeOnLoadMethodAttributes (11ms)
				AfterProcessingInitializeOnLoad (6ms)
				EditorAssembliesLoaded (0ms)
			ExecutionOrderSort2 (0ms)
			AwakeInstancesAfterBackupRestoration (5ms)
Platform modules already initialized, skipping
========================================================================
Worker process is ready to serve import requests
Launched and connected shader compiler UnityShaderCompiler.exe after 0.04 seconds
Refreshing native plugins compatible for Editor in 0.48 ms, found 3 plugins.
Preloading 0 native plugins for Editor in 0.00 ms.
Unloading 2096 Unused Serialized files (Serialized files now loaded: 0)
System memory in use before: 93.1 MB.
System memory in use after: 93.2 MB.

Unloading 28 unused Assets to reduce memory usage. Loaded Objects now: 2534.
Total: 2.123600 ms (FindLiveObjects: 0.183900 ms CreateObjectMapping: 0.047200 ms MarkObjects: 1.839100 ms  DeleteObjects: 0.052500 ms)

AssetImportParameters requested are different than current active one (requested -> active):
  custom:framework-win-MediaFoundation: 216162199b28c13a410421893ffa2e32 -> 
  custom:video-decoder-ogg-theora: a1e56fd34408186e4bbccfd4996cb3dc -> 
  custom:container-muxer-webm: aa71ff27fc2769a1b78a27578f13a17b -> 
  custom:container-demuxer-webm: 4f35f7cbe854078d1ac9338744f61a02 -> 
  custom:container-demuxer-ogg: 62fdf1f143b41e24485cea50d1cbac27 -> 
  custom:video-encoder-webm-vp8: eb34c28f22e8b96e1ab97ce403110664 -> 
  custom:video-decoder-webm-vp8: 9c59270c3fd7afecdb556c50c9e8de78 -> 
  custom:audio-decoder-ogg-vorbis: bf7c407c2cedff20999df2af8eb42d56 -> 
  custom:audio-encoder-webm-vorbis: bf7c407c2cedff20999df2af8eb42d56 -> 
========================================================================
Received Import Request.
  path: Assets/Sprites/434182-Megaman-Legends-pattern-mechanics.png
  artifactKey: Guid(c8d0f27a3ea106740bb85ef160579b9e) Importer(815301076,1909f56bfc062723c751e8b465ee728b)
Start importing Assets/Sprites/434182-Megaman-Legends-pattern-mechanics.png using Guid(c8d0f27a3ea106740bb85ef160579b9e) Importer(815301076,1909f56bfc062723c751e8b465ee728b)  -> (artifact id: '9ff6260808ce56cc337fcafd9de867e1') in 0.078326 seconds 
  Import took 0.081211 seconds .

========================================================================
Received Import Request.
  Time since last request: 0.000201 seconds.
  path: Assets/Sprites/292-2928543_desktop-megaman-wallpaper-mega-man-wallpaper-hd.jpg
  artifactKey: Guid(d6267d9c64b9f7c429262ce376bedb6f) Importer(815301076,1909f56bfc062723c751e8b465ee728b)
Start importing Assets/Sprites/292-2928543_desktop-megaman-wallpaper-mega-man-wallpaper-hd.jpg using Guid(d6267d9c64b9f7c429262ce376bedb6f) Importer(815301076,1909f56bfc062723c751e8b465ee728b)  -> (artifact id: 'ad72c815a94f3e12f2d31d33cb164d03') in 0.012405 seconds 
  Import took 0.015356 seconds .

========================================================================
Received Import Request.
  Time since last request: 0.000163 seconds.
  path: Assets/Sprites/GameOverUI.png
  artifactKey: Guid(c034170c1b540074681e67330e3a7e7a) Importer(815301076,1909f56bfc062723c751e8b465ee728b)
Start importing Assets/Sprites/GameOverUI.png using Guid(c034170c1b540074681e67330e3a7e7a) Importer(815301076,1909f56bfc062723c751e8b465ee728b)  -> (artifact id: '998f804584e0dcde5191ada650f161d6') in 0.011367 seconds 
  Import took 0.014132 seconds .

========================================================================
Received Import Request.
  Time since last request: 0.000141 seconds.
  path: Assets/Sprites/LetrasMega.png
  artifactKey: Guid(fd5398f41be8008468e23781d071928a) Importer(815301076,1909f56bfc062723c751e8b465ee728b)
Start importing Assets/Sprites/LetrasMega.png using Guid(fd5398f41be8008468e23781d071928a) Importer(815301076,1909f56bfc062723c751e8b465ee728b)  -> (artifact id: '59e8f368df9ec7652dc67bd223c5f2c9') in 0.011383 seconds 
  Import took 0.013967 seconds .

========================================================================
Received Import Request.
  Time since last request: 0.000129 seconds.
  path: Assets/Sprites/EstrellasUI.png
  artifactKey: Guid(f84c24ba2c1095f4e89b790ec7a3c2ab) Importer(815301076,1909f56bfc062723c751e8b465ee728b)
Start importing Assets/Sprites/EstrellasUI.png using Guid(f84c24ba2c1095f4e89b790ec7a3c2ab) Importer(815301076,1909f56bfc062723c751e8b465ee728b)  -> (artifact id: '935b0df0578294c67496283458efc4ee') in 0.009558 seconds 
  Import took 0.012124 seconds .

========================================================================
Received Import Request.
  Time since last request: 0.000158 seconds.
  path: Assets/Sprites/DamageUI.png
  artifactKey: Guid(ea5625475c4851d488dfab4f7947b9f3) Importer(815301076,1909f56bfc062723c751e8b465ee728b)
Start importing Assets/Sprites/DamageUI.png using Guid(ea5625475c4851d488dfab4f7947b9f3) Importer(815301076,1909f56bfc062723c751e8b465ee728b)  -> (artifact id: 'b7d6f9b279f0ce85acdc4a0ffa95e89b') in 0.022878 seconds 
  Import took 0.025536 seconds .

========================================================================
Received Import Request.
  Time since last request: 0.000177 seconds.
  path: Assets/Sprites/CreeperBackground.jpg
  artifactKey: Guid(19d3c5c6f78f0974b95b04237d479223) Importer(815301076,1909f56bfc062723c751e8b465ee728b)
Start importing Assets/Sprites/CreeperBackground.jpg using Guid(19d3c5c6f78f0974b95b04237d479223) Importer(815301076,1909f56bfc062723c751e8b465ee728b)  -> (artifact id: '4644f704488f346d94c936481116325c') in 0.013435 seconds 
  Import took 0.016286 seconds .

========================================================================
Received Import Request.
  Time since last request: 0.000136 seconds.
  path: Assets/Sprites/434182-Megaman-Legends-pattern-mechanics 2.png
  artifactKey: Guid(255b6035ffa894c41b09c7669920bd62) Importer(815301076,1909f56bfc062723c751e8b465ee728b)
Start importing Assets/Sprites/434182-Megaman-Legends-pattern-mechanics 2.png using Guid(255b6035ffa894c41b09c7669920bd62) Importer(815301076,1909f56bfc062723c751e8b465ee728b)  -> (artifact id: 'c8c9208775d993c05293a6cefb6faade') in 0.010906 seconds 
  Import took 0.013967 seconds .

========================================================================
Received Import Request.
  Time since last request: 0.000141 seconds.
  path: Assets/Sprites/d9uiqx0-10da391f-47b7-47b8-81d4-8cd1668b402a.png
  artifactKey: Guid(6fce511b3b5d9e2449a40b8231c69f3e) Importer(815301076,1909f56bfc062723c751e8b465ee728b)
Start importing Assets/Sprites/d9uiqx0-10da391f-47b7-47b8-81d4-8cd1668b402a.png using Guid(6fce511b3b5d9e2449a40b8231c69f3e) Importer(815301076,1909f56bfc062723c751e8b465ee728b)  -> (artifact id: '5bf35adb064d7a982a04bbdf0710df3c') in 0.011581 seconds 
  Import took 0.014182 seconds .

========================================================================
Received Import Request.
  Time since last request: 0.000147 seconds.
  path: Assets/Sprites/AtaqueMovil.png
  artifactKey: Guid(d882695bebb09954c837d831826e464c) Importer(815301076,1909f56bfc062723c751e8b465ee728b)
Start importing Assets/Sprites/AtaqueMovil.png using Guid(d882695bebb09954c837d831826e464c) Importer(815301076,1909f56bfc062723c751e8b465ee728b)  -> (artifact id: '4e709496762c426cc5f967d035e569c1') in 0.012685 seconds 
  Import took 0.015344 seconds .

========================================================================
Received Import Request.
  Time since last request: 0.000138 seconds.
  path: Assets/Sprites/Mega-Man-Battle-Network.ttf
  artifactKey: Guid(7ff58eca46466ac4d97ca0366b424ba9) Importer(815301076,1909f56bfc062723c751e8b465ee728b)
Start importing Assets/Sprites/Mega-Man-Battle-Network.ttf using Guid(7ff58eca46466ac4d97ca0366b424ba9) Importer(815301076,1909f56bfc062723c751e8b465ee728b)  -> (artifact id: '5458a23b8dc9e7e87d2f274e0d956305') in 0.041441 seconds 
  Import took 0.044533 seconds .

========================================================================
Received Import Request.
  Time since last request: 0.000140 seconds.
  path: Assets/Sprites/1_bIHMgHIZNuATP0PI7aLeCg.png
  artifactKey: Guid(3aa6f69a4b77ee742beb0c605480e0bf) Importer(815301076,1909f56bfc062723c751e8b465ee728b)
Start importing Assets/Sprites/1_bIHMgHIZNuATP0PI7aLeCg.png using Guid(3aa6f69a4b77ee742beb0c605480e0bf) Importer(815301076,1909f56bfc062723c751e8b465ee728b)  -> (artifact id: '14be10cf5e8c28eb5d0e8d74edc396cb') in 0.015526 seconds 
  Import took 0.018212 seconds .

========================================================================
Received Import Request.
  Time since last request: 0.000139 seconds.
  path: Assets/Sprites/BackUi.png
  artifactKey: Guid(f55070b5677561843b38e92cb66d1e73) Importer(815301076,1909f56bfc062723c751e8b465ee728b)
Start importing Assets/Sprites/BackUi.png using Guid(f55070b5677561843b38e92cb66d1e73) Importer(815301076,1909f56bfc062723c751e8b465ee728b)  -> (artifact id: '894308bea341104b5873ef501c6bda71') in 0.009548 seconds 
  Import took 0.012163 seconds .

========================================================================
Received Import Request.
  Time since last request: 0.000135 seconds.
  path: Assets/Sprites/BackUi 1.png
  artifactKey: Guid(9f4a501a5e94f2f42a359b657ab0eb1d) Importer(815301076,1909f56bfc062723c751e8b465ee728b)
Start importing Assets/Sprites/BackUi 1.png using Guid(9f4a501a5e94f2f42a359b657ab0eb1d) Importer(815301076,1909f56bfc062723c751e8b465ee728b)  -> (artifact id: 'ea3d7ccb244b34d40c1e4c9acf3c637b') in 0.009587 seconds 
  Import took 0.012400 seconds .

========================================================================
Received Import Request.
  Time since last request: 0.000144 seconds.
  path: Assets/Sprites/HeeartMinecraftSprite.png
  artifactKey: Guid(2a07cba6768aee24184baa95418b96af) Importer(815301076,1909f56bfc062723c751e8b465ee728b)
Start importing Assets/Sprites/HeeartMinecraftSprite.png using Guid(2a07cba6768aee24184baa95418b96af) Importer(815301076,1909f56bfc062723c751e8b465ee728b)  -> (artifact id: 'ec146572db1e0d9763934d6c353dcf18') in 0.010353 seconds 
  Import took 0.012974 seconds .

========================================================================
Received Import Request.
  Time since last request: 0.000160 seconds.
  path: Assets/Sprites/HUD-Background.png
  artifactKey: Guid(8806fd621243e5e42bf31c4e7d617cdb) Importer(815301076,1909f56bfc062723c751e8b465ee728b)
Start importing Assets/Sprites/HUD-Background.png using Guid(8806fd621243e5e42bf31c4e7d617cdb) Importer(815301076,1909f56bfc062723c751e8b465ee728b)  -> (artifact id: '07483084caf7fa242a5817fa5b23c27d') in 0.017163 seconds 
  Import took 0.019798 seconds .

========================================================================
Received Import Request.
  Time since last request: 0.000138 seconds.
  path: Assets/Sprites/CinfigSprite.png
  artifactKey: Guid(831927bbbd8ec1543b7449c81083b853) Importer(815301076,1909f56bfc062723c751e8b465ee728b)
Start importing Assets/Sprites/CinfigSprite.png using Guid(831927bbbd8ec1543b7449c81083b853) Importer(815301076,1909f56bfc062723c751e8b465ee728b)  -> (artifact id: '8b369d349ef6d78c2ebdecbe4fcc3ea0') in 0.010152 seconds 
  Import took 0.012758 seconds .

========================================================================
Received Import Request.
  Time since last request: 0.000145 seconds.
  path: Assets/Sprites/434182-Megaman-Legends-pattern-mechanics 1.png
  artifactKey: Guid(0393be1003524024bbfa34799a853203) Importer(815301076,1909f56bfc062723c751e8b465ee728b)
Start importing Assets/Sprites/434182-Megaman-Legends-pattern-mechanics 1.png using Guid(0393be1003524024bbfa34799a853203) Importer(815301076,1909f56bfc062723c751e8b465ee728b)  -> (artifact id: 'b658651aefb07e8a23c53251359780b1') in 0.010285 seconds 
  Import took 0.012963 seconds .

========================================================================
Received Import Request.
  Time since last request: 0.000155 seconds.
  path: Assets/Sprites/GameOverSprite.png
  artifactKey: Guid(83658b50081eb9c4bab801f80f23d315) Importer(815301076,1909f56bfc062723c751e8b465ee728b)
Start importing Assets/Sprites/GameOverSprite.png using Guid(83658b50081eb9c4bab801f80f23d315) Importer(815301076,1909f56bfc062723c751e8b465ee728b)  -> (artifact id: 'fe200cc64011d5198f76f995c7867dd8') in 0.010070 seconds 
  Import took 0.012693 seconds .

========================================================================
Received Import Request.
  Time since last request: 0.000167 seconds.
  path: Assets/Sprites/LetrasMega2.png
  artifactKey: Guid(5990275ee19f773479e2628287f10c30) Importer(815301076,1909f56bfc062723c751e8b465ee728b)
Start importing Assets/Sprites/LetrasMega2.png using Guid(5990275ee19f773479e2628287f10c30) Importer(815301076,1909f56bfc062723c751e8b465ee728b)  -> (artifact id: 'c039c86e6cb66f5eb0331e0e8a7c1d36') in 0.008976 seconds 
  Import took 0.012091 seconds .

========================================================================
Received Import Request.
  Time since last request: 0.000153 seconds.
  path: Assets/Sprites/HUDUI.png
  artifactKey: Guid(40275711ad6a7fe4cb1841534a506bf9) Importer(815301076,1909f56bfc062723c751e8b465ee728b)
Start importing Assets/Sprites/HUDUI.png using Guid(40275711ad6a7fe4cb1841534a506bf9) Importer(815301076,1909f56bfc062723c751e8b465ee728b)  -> (artifact id: '31d63611dde5d522355ca2ef17148997') in 0.021934 seconds 
  Import took 0.024546 seconds .

========================================================================
Received Import Request.
  Time since last request: 0.000155 seconds.
  path: Assets/Sprites/be571ba636c639ead20a2633a1d34f69.jpg
  artifactKey: Guid(607f1b676fbb0ec47b623ccc10e1c5c2) Importer(815301076,1909f56bfc062723c751e8b465ee728b)
Start importing Assets/Sprites/be571ba636c639ead20a2633a1d34f69.jpg using Guid(607f1b676fbb0ec47b623ccc10e1c5c2) Importer(815301076,1909f56bfc062723c751e8b465ee728b)  -> (artifact id: '7e2ab632446059222e052d94e2e7bae9') in 0.035419 seconds 
  Import took 0.038101 seconds .

========================================================================
Received Import Request.
  Time since last request: 1.581083 seconds.
  path: Assets/Scenes/GameOverUi.unity
  artifactKey: Guid(005f1992c55cd3c4bb289907ba72c5cd) Importer(815301076,1909f56bfc062723c751e8b465ee728b)
Start importing Assets/Scenes/GameOverUi.unity using Guid(005f1992c55cd3c4bb289907ba72c5cd) Importer(815301076,1909f56bfc062723c751e8b465ee728b)  -> (artifact id: '471f8c87f9404f5feb4e95c52c4502a6') in 0.004216 seconds 
  Import took 0.007389 seconds .

========================================================================
Received Import Request.
  Time since last request: 0.003861 seconds.
  path: Assets/Scenes/GameOverUi.unity
  artifactKey: Guid(005f1992c55cd3c4bb289907ba72c5cd) Importer(815301076,1909f56bfc062723c751e8b465ee728b)
Start importing Assets/Scenes/GameOverUi.unity using Guid(005f1992c55cd3c4bb289907ba72c5cd) Importer(815301076,1909f56bfc062723c751e8b465ee728b)  -> (artifact id: '471f8c87f9404f5feb4e95c52c4502a6') in 0.001589 seconds 
  Import took 0.003921 seconds .

========================================================================
Received Import Request.
  Time since last request: 2.061484 seconds.
  path: Assets/Scenes/SampleScene.unity
  artifactKey: Guid(2cda990e2423bbf4892e6590ba056729) Importer(815301076,1909f56bfc062723c751e8b465ee728b)
Start importing Assets/Scenes/SampleScene.unity using Guid(2cda990e2423bbf4892e6590ba056729) Importer(815301076,1909f56bfc062723c751e8b465ee728b)  -> (artifact id: '0760f17b81f79bda557d0b5b2c98e469') in 0.004309 seconds 
  Import took 0.007476 seconds .

========================================================================
Received Prepare
Registering precompiled user dll's ...
Registered in 0.003120 seconds.
Begin MonoManager ReloadAssembly
Native extension for WindowsStandalone target not found
Native extension for WebGL target not found
Refreshing native plugins compatible for Editor in 0.53 ms, found 3 plugins.
Preloading 0 native plugins for Editor in 0.00 ms.
Mono: successfully reloaded assembly
- Completed reload, in  0.832 seconds
Domain Reload Profiling:
	ReloadAssembly (833ms)
		BeginReloadAssembly (91ms)
			ExecutionOrderSort (0ms)
			DisableScriptedObjects (4ms)
			BackupInstance (0ms)
			ReleaseScriptingObjects (0ms)
			CreateAndSetChildDomain (27ms)
		EndReloadAssembly (692ms)
			LoadAssemblies (69ms)
			RebuildTransferFunctionScriptingTraits (0ms)
			SetupTypeCache (215ms)
			ReleaseScriptCaches (1ms)
			RebuildScriptCaches (34ms)
			SetupLoadedEditorAssemblies (290ms)
				LogAssemblyErrors (0ms)
				InitializePlatformSupportModulesInManaged (5ms)
				SetLoadedEditorAssemblies (0ms)
				RefreshPlugins (1ms)
				BeforeProcessingInitializeOnLoad (70ms)
				ProcessInitializeOnLoadAttributes (206ms)
				ProcessInitializeOnLoadMethodAttributes (4ms)
				AfterProcessingInitializeOnLoad (5ms)
				EditorAssembliesLoaded (0ms)
			ExecutionOrderSort2 (0ms)
			AwakeInstancesAfterBackupRestoration (7ms)
Platform modules already initialized, skipping
Refreshing native plugins compatible for Editor in 0.32 ms, found 3 plugins.
Preloading 0 native plugins for Editor in 0.00 ms.
Unloading 2086 Unused Serialized files (Serialized files now loaded: 0)
System memory in use before: 96.0 MB.
System memory in use after: 96.1 MB.

Unloading 16 unused Assets to reduce memory usage. Loaded Objects now: 2642.
Total: 2.189700 ms (FindLiveObjects: 0.199300 ms CreateObjectMapping: 0.044300 ms MarkObjects: 1.926700 ms  DeleteObjects: 0.018300 ms)

AssetImportParameters requested are different than current active one (requested -> active):
  custom:framework-win-MediaFoundation: 216162199b28c13a410421893ffa2e32 -> 
  custom:video-decoder-ogg-theora: a1e56fd34408186e4bbccfd4996cb3dc -> 
  custom:container-muxer-webm: aa71ff27fc2769a1b78a27578f13a17b -> 
  custom:container-demuxer-webm: 4f35f7cbe854078d1ac9338744f61a02 -> 
  custom:container-demuxer-ogg: 62fdf1f143b41e24485cea50d1cbac27 -> 
  custom:video-encoder-webm-vp8: eb34c28f22e8b96e1ab97ce403110664 -> 
  custom:video-decoder-webm-vp8: 9c59270c3fd7afecdb556c50c9e8de78 -> 
  custom:audio-decoder-ogg-vorbis: bf7c407c2cedff20999df2af8eb42d56 -> 
  custom:audio-encoder-webm-vorbis: bf7c407c2cedff20999df2af8eb42d56 -> 
AssetImportWorkerClient::OnTransportError - code=2 error=End of file
